[Sat Mar 03 2018 15:47:10 GMT-0300 (BRT)] INFO Websocked listening on port: 3000
[Sat Mar 03 2018 15:47:13 GMT-0300 (BRT)] INFO The user: rafael Join the channel: lobby-system
[Sat Mar 03 2018 15:47:13 GMT-0300 (BRT)] INFO The user: rafael Join the channel: lobby-messages
[Sat Mar 03 2018 15:47:18 GMT-0300 (BRT)] INFO The user: rafael Join the channel: lobby-system
[Sat Mar 03 2018 15:47:18 GMT-0300 (BRT)] INFO The user: rafael Join the channel: lobby-messages
[Sat Mar 03 2018 15:47:36 GMT-0300 (BRT)] INFO user: rafael Says: teste e mensagem
[Sat Mar 03 2018 15:57:04 GMT-0300 (BRT)] INFO The user: rafael Join the channel: lobby-system
[Sat Mar 03 2018 15:57:04 GMT-0300 (BRT)] INFO The user: rafael Join the channel: lobby-messages
[Sat Mar 03 2018 15:57:14 GMT-0300 (BRT)] INFO user: rafael Says: ssjlajd
[Sat Mar 03 2018 15:57:23 GMT-0300 (BRT)] INFO The user: rafael Join the channel: lobby-system
[Sat Mar 03 2018 15:57:23 GMT-0300 (BRT)] INFO The user: rafael Join the channel: lobby-messages
[Sat Mar 03 2018 16:03:02 GMT-0300 (BRT)] INFO The user: rafael Join the channel: lobby-system
[Sat Mar 03 2018 16:03:02 GMT-0300 (BRT)] INFO The user: rafael Join the channel: lobby-messages
[Sat Mar 03 2018 16:03:04 GMT-0300 (BRT)] INFO The user: rafael Join the channel: lobby-system
[Sat Mar 03 2018 16:03:04 GMT-0300 (BRT)] INFO The user: rafael Join the channel: lobby-messages
[Sat Mar 03 2018 16:04:00 GMT-0300 (BRT)] INFO The user: rafael Join the channel: lobby-system
[Sat Mar 03 2018 16:04:00 GMT-0300 (BRT)] INFO The user: rafael Join the channel: lobby-messages
[Sat Mar 03 2018 16:04:21 GMT-0300 (BRT)] INFO The user: rafael Join the channel: lobby-system
[Sat Mar 03 2018 16:04:21 GMT-0300 (BRT)] INFO The user: rafael Join the channel: lobby-messages
[Sat Mar 03 2018 16:04:23 GMT-0300 (BRT)] INFO The user: rafael Join the channel: lobby-system
[Sat Mar 03 2018 16:04:23 GMT-0300 (BRT)] INFO The user: rafael Join the channel: lobby-messages
[Sat Mar 03 2018 16:04:24 GMT-0300 (BRT)] INFO The user: rafael Join the channel: lobby-system
[Sat Mar 03 2018 16:04:24 GMT-0300 (BRT)] INFO The user: rafael Join the channel: lobby-messages
[Sat Mar 03 2018 16:04:26 GMT-0300 (BRT)] INFO The user: rafael Join the channel: lobby-system
[Sat Mar 03 2018 16:04:26 GMT-0300 (BRT)] INFO The user: rafael Join the channel: lobby-messages
[Sat Mar 03 2018 16:04:27 GMT-0300 (BRT)] INFO The user: rafael Join the channel: lobby-system
[Sat Mar 03 2018 16:04:27 GMT-0300 (BRT)] INFO The user: rafael Join the channel: lobby-messages
[Sat Mar 03 2018 16:04:29 GMT-0300 (BRT)] INFO The user: rafael Join the channel: lobby-system
[Sat Mar 03 2018 16:04:29 GMT-0300 (BRT)] INFO The user: rafael Join the channel: lobby-messages
[Sat Mar 03 2018 16:04:31 GMT-0300 (BRT)] INFO The user: rafael Join the channel: lobby-system
[Sat Mar 03 2018 16:04:31 GMT-0300 (BRT)] INFO The user: rafael Join the channel: lobby-messages
[Sat Mar 03 2018 16:04:32 GMT-0300 (BRT)] INFO The user: rafael Join the channel: lobby-system
[Sat Mar 03 2018 16:04:32 GMT-0300 (BRT)] INFO The user: rafael Join the channel: lobby-messages
[Sat Mar 03 2018 16:04:34 GMT-0300 (BRT)] INFO The user: rafael Join the channel: lobby-system
[Sat Mar 03 2018 16:04:34 GMT-0300 (BRT)] INFO The user: rafael Join the channel: lobby-messages
[Sat Mar 03 2018 16:04:35 GMT-0300 (BRT)] INFO The user: rafael Join the channel: lobby-system
[Sat Mar 03 2018 16:04:35 GMT-0300 (BRT)] INFO The user: rafael Join the channel: lobby-messages
[Sat Mar 03 2018 16:04:36 GMT-0300 (BRT)] INFO The user: rafael Join the channel: lobby-system
[Sat Mar 03 2018 16:04:36 GMT-0300 (BRT)] INFO The user: rafael Join the channel: lobby-messages
[Sat Mar 03 2018 16:04:37 GMT-0300 (BRT)] INFO The user: rafael Join the channel: lobby-system
[Sat Mar 03 2018 16:04:37 GMT-0300 (BRT)] INFO The user: rafael Join the channel: lobby-messages
[Sat Mar 03 2018 16:04:38 GMT-0300 (BRT)] INFO The user: rafael Join the channel: lobby-system
[Sat Mar 03 2018 16:04:38 GMT-0300 (BRT)] INFO The user: rafael Join the channel: lobby-messages
[Sat Mar 03 2018 16:04:38 GMT-0300 (BRT)] INFO The user: rafael Join the channel: lobby-system
[Sat Mar 03 2018 16:04:38 GMT-0300 (BRT)] INFO The user: rafael Join the channel: lobby-messages
[Sat Mar 03 2018 16:04:39 GMT-0300 (BRT)] INFO The user: rafael Join the channel: lobby-system
[Sat Mar 03 2018 16:04:39 GMT-0300 (BRT)] INFO The user: rafael Join the channel: lobby-messages
[Sat Mar 03 2018 16:04:39 GMT-0300 (BRT)] INFO The user: rafael Join the channel: lobby-system
[Sat Mar 03 2018 16:04:39 GMT-0300 (BRT)] INFO The user: rafael Join the channel: lobby-system
[Sat Mar 03 2018 16:04:39 GMT-0300 (BRT)] INFO The user: rafael Join the channel: lobby-system
[Sat Mar 03 2018 16:04:39 GMT-0300 (BRT)] INFO The user: rafael Join the channel: lobby-messages
[Sat Mar 03 2018 16:04:39 GMT-0300 (BRT)] INFO The user: rafael Join the channel: lobby-system
[Sat Mar 03 2018 16:04:39 GMT-0300 (BRT)] INFO The user: rafael Join the channel: lobby-messages
[Sat Mar 03 2018 16:04:40 GMT-0300 (BRT)] INFO The user: rafael Join the channel: lobby-system
[Sat Mar 03 2018 16:04:40 GMT-0300 (BRT)] INFO The user: rafael Join the channel: lobby-messages
[Sat Mar 03 2018 16:04:40 GMT-0300 (BRT)] INFO The user: rafael Join the channel: lobby-system
[Sat Mar 03 2018 16:04:40 GMT-0300 (BRT)] INFO The user: rafael Join the channel: lobby-messages
[Sat Mar 03 2018 16:04:40 GMT-0300 (BRT)] INFO The user: rafael Join the channel: lobby-system
[Sat Mar 03 2018 16:04:40 GMT-0300 (BRT)] INFO The user: rafael Join the channel: lobby-system
[Sat Mar 03 2018 16:04:41 GMT-0300 (BRT)] INFO The user: rafael Join the channel: lobby-system
[Sat Mar 03 2018 16:04:41 GMT-0300 (BRT)] INFO The user: rafael Join the channel: lobby-system
[Sat Mar 03 2018 16:04:41 GMT-0300 (BRT)] INFO The user: rafael Join the channel: lobby-system
[Sat Mar 03 2018 16:04:41 GMT-0300 (BRT)] INFO The user: rafael Join the channel: lobby-system
[Sat Mar 03 2018 16:04:41 GMT-0300 (BRT)] INFO The user: rafael Join the channel: lobby-messages
[Sat Mar 03 2018 16:04:41 GMT-0300 (BRT)] INFO The user: rafael Join the channel: lobby-system
[Sat Mar 03 2018 16:04:41 GMT-0300 (BRT)] INFO The user: rafael Join the channel: lobby-messages
[Sat Mar 03 2018 16:04:41 GMT-0300 (BRT)] INFO The user: rafael Join the channel: lobby-system
[Sat Mar 03 2018 16:04:42 GMT-0300 (BRT)] INFO The user: rafael Join the channel: lobby-system
[Sat Mar 03 2018 16:04:42 GMT-0300 (BRT)] INFO The user: rafael Join the channel: lobby-messages
[Sat Mar 03 2018 16:04:42 GMT-0300 (BRT)] INFO The user: rafael Join the channel: lobby-system
[Sat Mar 03 2018 16:04:42 GMT-0300 (BRT)] INFO The user: rafael Join the channel: lobby-system
[Sat Mar 03 2018 16:04:42 GMT-0300 (BRT)] INFO The user: rafael Join the channel: lobby-messages
[Sat Mar 03 2018 16:04:42 GMT-0300 (BRT)] INFO The user: rafael Join the channel: lobby-system
[Sat Mar 03 2018 16:04:42 GMT-0300 (BRT)] INFO The user: rafael Join the channel: lobby-messages
[Sat Mar 03 2018 16:04:42 GMT-0300 (BRT)] INFO The user: rafael Join the channel: lobby-system
[Sat Mar 03 2018 16:04:42 GMT-0300 (BRT)] INFO The user: rafael Join the channel: lobby-messages
[Sat Mar 03 2018 16:04:43 GMT-0300 (BRT)] INFO The user: rafael Join the channel: lobby-system
[Sat Mar 03 2018 16:04:43 GMT-0300 (BRT)] INFO The user: rafael Join the channel: lobby-messages
[Sat Mar 03 2018 16:04:43 GMT-0300 (BRT)] INFO The user: rafael Join the channel: lobby-system
[Sat Mar 03 2018 16:04:43 GMT-0300 (BRT)] INFO The user: rafael Join the channel: lobby-messages
[Sat Mar 03 2018 16:04:43 GMT-0300 (BRT)] INFO The user: rafael Join the channel: lobby-system
[Sat Mar 03 2018 16:04:43 GMT-0300 (BRT)] INFO The user: rafael Join the channel: lobby-messages
[Sat Mar 03 2018 16:04:43 GMT-0300 (BRT)] INFO The user: rafael Join the channel: lobby-system
[Sat Mar 03 2018 16:04:43 GMT-0300 (BRT)] INFO The user: rafael Join the channel: lobby-system
[Sat Mar 03 2018 16:04:43 GMT-0300 (BRT)] INFO The user: rafael Join the channel: lobby-messages
[Sat Mar 03 2018 16:04:44 GMT-0300 (BRT)] INFO The user: rafael Join the channel: lobby-system
[Sat Mar 03 2018 16:04:44 GMT-0300 (BRT)] INFO The user: rafael Join the channel: lobby-system
[Sat Mar 03 2018 16:04:44 GMT-0300 (BRT)] INFO The user: rafael Join the channel: lobby-system
[Sat Mar 03 2018 16:04:44 GMT-0300 (BRT)] INFO The user: rafael Join the channel: lobby-messages
[Sat Mar 03 2018 16:04:44 GMT-0300 (BRT)] INFO The user: rafael Join the channel: lobby-system
[Sat Mar 03 2018 16:04:44 GMT-0300 (BRT)] INFO The user: rafael Join the channel: lobby-messages
[Sat Mar 03 2018 16:04:44 GMT-0300 (BRT)] INFO The user: rafael Join the channel: lobby-system
[Sat Mar 03 2018 16:04:44 GMT-0300 (BRT)] INFO The user: rafael Join the channel: lobby-system
[Sat Mar 03 2018 16:04:44 GMT-0300 (BRT)] INFO The user: rafael Join the channel: lobby-messages
[Sat Mar 03 2018 16:04:45 GMT-0300 (BRT)] INFO The user: rafael Join the channel: lobby-system
[Sat Mar 03 2018 16:04:45 GMT-0300 (BRT)] INFO The user: rafael Join the channel: lobby-system
[Sat Mar 03 2018 16:04:45 GMT-0300 (BRT)] INFO The user: rafael Join the channel: lobby-messages
[Sat Mar 03 2018 16:04:45 GMT-0300 (BRT)] INFO The user: rafael Join the channel: lobby-system
[Sat Mar 03 2018 16:04:45 GMT-0300 (BRT)] INFO The user: rafael Join the channel: lobby-messages
[Sat Mar 03 2018 16:04:45 GMT-0300 (BRT)] INFO The user: rafael Join the channel: lobby-system
[Sat Mar 03 2018 16:04:45 GMT-0300 (BRT)] INFO The user: rafael Join the channel: lobby-messages
[Sat Mar 03 2018 16:04:46 GMT-0300 (BRT)] INFO The user: rafael Join the channel: lobby-system
[Sat Mar 03 2018 16:04:46 GMT-0300 (BRT)] INFO The user: rafael Join the channel: lobby-system
[Sat Mar 03 2018 16:04:46 GMT-0300 (BRT)] INFO The user: rafael Join the channel: lobby-system
[Sat Mar 03 2018 16:04:46 GMT-0300 (BRT)] INFO The user: rafael Join the channel: lobby-system
[Sat Mar 03 2018 16:04:46 GMT-0300 (BRT)] INFO The user: rafael Join the channel: lobby-system
[Sat Mar 03 2018 16:04:47 GMT-0300 (BRT)] INFO The user: rafael Join the channel: lobby-system
[Sat Mar 03 2018 16:04:47 GMT-0300 (BRT)] INFO The user: rafael Join the channel: lobby-messages
[Sat Mar 03 2018 16:04:47 GMT-0300 (BRT)] INFO The user: rafael Join the channel: lobby-system
[Sat Mar 03 2018 16:04:47 GMT-0300 (BRT)] INFO The user: rafael Join the channel: lobby-system
[Sat Mar 03 2018 16:04:47 GMT-0300 (BRT)] INFO The user: rafael Join the channel: lobby-messages
[Sat Mar 03 2018 16:04:47 GMT-0300 (BRT)] INFO The user: rafael Join the channel: lobby-system
[Sat Mar 03 2018 16:04:47 GMT-0300 (BRT)] INFO The user: rafael Join the channel: lobby-messages
[Sat Mar 03 2018 16:04:48 GMT-0300 (BRT)] INFO The user: rafael Join the channel: lobby-system
[Sat Mar 03 2018 16:04:48 GMT-0300 (BRT)] INFO The user: rafael Join the channel: lobby-system
[Sat Mar 03 2018 16:04:48 GMT-0300 (BRT)] INFO The user: rafael Join the channel: lobby-system
[Sat Mar 03 2018 16:04:48 GMT-0300 (BRT)] INFO The user: rafael Join the channel: lobby-system
[Sat Mar 03 2018 16:04:48 GMT-0300 (BRT)] INFO The user: rafael Join the channel: lobby-messages
[Sat Mar 03 2018 16:04:48 GMT-0300 (BRT)] INFO The user: rafael Join the channel: lobby-system
[Sat Mar 03 2018 16:04:48 GMT-0300 (BRT)] INFO The user: rafael Join the channel: lobby-messages
[Sat Mar 03 2018 16:04:49 GMT-0300 (BRT)] INFO The user: rafael Join the channel: lobby-system
[Sat Mar 03 2018 16:04:49 GMT-0300 (BRT)] INFO The user: rafael Join the channel: lobby-system
[Sat Mar 03 2018 16:04:49 GMT-0300 (BRT)] INFO The user: rafael Join the channel: lobby-system
[Sat Mar 03 2018 16:04:49 GMT-0300 (BRT)] INFO The user: rafael Join the channel: lobby-system
[Sat Mar 03 2018 16:04:49 GMT-0300 (BRT)] INFO The user: rafael Join the channel: lobby-system
[Sat Mar 03 2018 16:04:50 GMT-0300 (BRT)] INFO The user: rafael Join the channel: lobby-system
[Sat Mar 03 2018 16:04:50 GMT-0300 (BRT)] INFO The user: rafael Join the channel: lobby-messages
[Sat Mar 03 2018 16:04:50 GMT-0300 (BRT)] INFO The user: rafael Join the channel: lobby-system
[Sat Mar 03 2018 16:04:50 GMT-0300 (BRT)] INFO The user: rafael Join the channel: lobby-messages
[Sat Mar 03 2018 16:04:50 GMT-0300 (BRT)] INFO The user: rafael Join the channel: lobby-system
[Sat Mar 03 2018 16:04:50 GMT-0300 (BRT)] INFO The user: rafael Join the channel: lobby-messages
[Sat Mar 03 2018 16:04:50 GMT-0300 (BRT)] INFO The user: rafael Join the channel: lobby-system
[Sat Mar 03 2018 16:04:50 GMT-0300 (BRT)] INFO The user: rafael Join the channel: lobby-messages
[Sat Mar 03 2018 16:04:50 GMT-0300 (BRT)] INFO The user: rafael Join the channel: lobby-system
[Sat Mar 03 2018 16:04:50 GMT-0300 (BRT)] INFO The user: rafael Join the channel: lobby-system
[Sat Mar 03 2018 16:04:51 GMT-0300 (BRT)] INFO The user: rafael Join the channel: lobby-system
[Sat Mar 03 2018 16:04:51 GMT-0300 (BRT)] INFO The user: rafael Join the channel: lobby-messages
[Sat Mar 03 2018 16:04:51 GMT-0300 (BRT)] INFO The user: rafael Join the channel: lobby-system
[Sat Mar 03 2018 16:04:51 GMT-0300 (BRT)] INFO The user: rafael Join the channel: lobby-messages
[Sat Mar 03 2018 16:04:51 GMT-0300 (BRT)] INFO The user: rafael Join the channel: lobby-system
[Sat Mar 03 2018 16:04:51 GMT-0300 (BRT)] INFO The user: rafael Join the channel: lobby-system
[Sat Mar 03 2018 16:04:51 GMT-0300 (BRT)] INFO The user: rafael Join the channel: lobby-messages
[Sat Mar 03 2018 16:04:51 GMT-0300 (BRT)] INFO The user: rafael Join the channel: lobby-system
[Sat Mar 03 2018 16:04:52 GMT-0300 (BRT)] INFO The user: rafael Join the channel: lobby-system
[Sat Mar 03 2018 16:04:52 GMT-0300 (BRT)] INFO The user: rafael Join the channel: lobby-messages
[Sat Mar 03 2018 16:04:52 GMT-0300 (BRT)] INFO The user: rafael Join the channel: lobby-system
[Sat Mar 03 2018 16:04:52 GMT-0300 (BRT)] INFO The user: rafael Join the channel: lobby-system
[Sat Mar 03 2018 16:04:52 GMT-0300 (BRT)] INFO The user: rafael Join the channel: lobby-messages
[Sat Mar 03 2018 16:04:52 GMT-0300 (BRT)] INFO The user: rafael Join the channel: lobby-system
[Sat Mar 03 2018 16:04:52 GMT-0300 (BRT)] INFO The user: rafael Join the channel: lobby-messages
[Sat Mar 03 2018 16:04:52 GMT-0300 (BRT)] INFO The user: rafael Join the channel: lobby-system
[Sat Mar 03 2018 16:04:53 GMT-0300 (BRT)] INFO The user: rafael Join the channel: lobby-messages
[Sat Mar 03 2018 16:05:40 GMT-0300 (BRT)] INFO The user: rafael Join the channel: lobby-system
[Sat Mar 03 2018 16:05:40 GMT-0300 (BRT)] INFO The user: rafael Join the channel: lobby-messages
[Sat Mar 03 2018 16:05:50 GMT-0300 (BRT)] INFO user: rafael Says: sadaskdl;askdl;ksa;dksa;ldk;k;lskld;kad;l
[Sat Mar 03 2018 16:06:20 GMT-0300 (BRT)] INFO user: rafael Says: lklkl;sakdlka;dk;lsad
[Sat Mar 03 2018 16:10:46 GMT-0300 (BRT)] INFO The user: rafael Join the channel: lobby-system
[Sat Mar 03 2018 16:10:46 GMT-0300 (BRT)] INFO The user: rafael Join the channel: lobby-messages
[Sat Mar 03 2018 16:12:00 GMT-0300 (BRT)] INFO The user: rafael Join the channel: lobby-system
[Sat Mar 03 2018 16:12:00 GMT-0300 (BRT)] INFO The user: rafael Join the channel: lobby-messages
[Sat Mar 03 2018 16:12:07 GMT-0300 (BRT)] INFO The user: rafael Join the channel: lobby-system
[Sat Mar 03 2018 16:12:07 GMT-0300 (BRT)] INFO The user: rafael Join the channel: lobby-messages
[Sat Mar 03 2018 16:12:18 GMT-0300 (BRT)] INFO user: rafael Says: sasdsad
[Sat Mar 03 2018 16:16:55 GMT-0300 (BRT)] INFO The user: rafael Join the channel: lobby-system
[Sat Mar 03 2018 16:16:55 GMT-0300 (BRT)] INFO The user: rafael Join the channel: lobby-messages
[Sat Mar 03 2018 16:16:59 GMT-0300 (BRT)] INFO The user: rafael Join the channel: lobby-system
[Sat Mar 03 2018 16:16:59 GMT-0300 (BRT)] INFO The user: rafael Join the channel: lobby-messages
[Sat Mar 03 2018 16:20:03 GMT-0300 (BRT)] INFO The user: rafael Join the channel: lobby-system
[Sat Mar 03 2018 16:20:03 GMT-0300 (BRT)] INFO The user: rafael Join the channel: lobby-messages
[Sat Mar 03 2018 16:20:05 GMT-0300 (BRT)] INFO The user: rafael Join the channel: lobby-system
[Sat Mar 03 2018 16:20:05 GMT-0300 (BRT)] INFO The user: rafael Join the channel: lobby-messages
[Sat Mar 03 2018 16:20:42 GMT-0300 (BRT)] INFO The user: rafael Join the channel: lobby-system
[Sat Mar 03 2018 16:20:42 GMT-0300 (BRT)] INFO The user: rafael Join the channel: lobby-messages
[Sat Mar 03 2018 16:21:22 GMT-0300 (BRT)] INFO user: rafael Says: kljkljkljlkjkljl
[Sat Mar 03 2018 16:21:43 GMT-0300 (BRT)] INFO user: rafael Says: jhkhjkjhkjhkjhkjhkjhkj
[Sat Mar 03 2018 16:22:29 GMT-0300 (BRT)] INFO user: rafael Says: jhjhkhjhjhkhkhkhkj
[Sat Mar 03 2018 16:23:13 GMT-0300 (BRT)] INFO user: rafael Says: jlkjkjljljkljlklklk;l
[Sat Mar 03 2018 16:25:14 GMT-0300 (BRT)] INFO user: rafael Says: oi
