[Sat Feb 24 2018 23:29:45 GMT-0300 (BRT)] INFO Websocked listening on port: 3000
[Sat Feb 24 2018 23:29:46 GMT-0300 (BRT)] INFO The user: rafael Join the channel: lobby-system
[Sat Feb 24 2018 23:29:47 GMT-0300 (BRT)] INFO The user: rafael Join the channel: lobby-system
[Sat Feb 24 2018 23:29:47 GMT-0300 (BRT)] INFO The user: rafael Join the channel: lobby-messages
[Sat Feb 24 2018 23:29:47 GMT-0300 (BRT)] INFO user: rafael Says: asdl;askdasdka;s
[Sat Feb 24 2018 23:29:49 GMT-0300 (BRT)] INFO The user: rafael Join the channel: lobby-messages
[Sat Feb 24 2018 23:29:49 GMT-0300 (BRT)] INFO user: rafael Says: asdsdjaskldajsdad
[Sat Feb 24 2018 23:29:52 GMT-0300 (BRT)] INFO The user: rafael Join the channel: lobby-system
[Sat Feb 24 2018 23:29:52 GMT-0300 (BRT)] INFO The user: rafael Join the channel: lobby-messages
[Sat Feb 24 2018 23:29:54 GMT-0300 (BRT)] INFO The user: rafael Join the channel: lobby-messages
[Sat Feb 24 2018 23:29:54 GMT-0300 (BRT)] INFO The user: rafael Join the channel: lobby-system
[Sat Feb 24 2018 23:29:57 GMT-0300 (BRT)] INFO user: rafael Says: asdasdksadk;lasds
[Sat Feb 24 2018 23:30:02 GMT-0300 (BRT)] INFO user: rafael Says: sadasdsad
[Sat Feb 24 2018 23:36:31 GMT-0300 (BRT)] INFO The user: rafael Join the channel: lobby-messages
[Sat Feb 24 2018 23:36:31 GMT-0300 (BRT)] INFO The user: rafael Join the channel: lobby-system
[Sat Feb 24 2018 23:36:33 GMT-0300 (BRT)] INFO user: rafael Says: sdasd
[Sat Feb 24 2018 23:36:40 GMT-0300 (BRT)] INFO The user: rafael Join the channel: lobby-messages
[Sat Feb 24 2018 23:36:40 GMT-0300 (BRT)] INFO The user: rafael Join the channel: lobby-system
[Sat Feb 24 2018 23:36:44 GMT-0300 (BRT)] INFO user: rafael Says: asdasldk;asdsakd;sakd
[Sat Feb 24 2018 23:37:12 GMT-0300 (BRT)] INFO user: rafael Says: ksl;akdl;kas;dk;askdsakd
[Sat Feb 24 2018 23:37:24 GMT-0300 (BRT)] INFO The user: rafael Join the channel: lobby-messages
[Sat Feb 24 2018 23:37:24 GMT-0300 (BRT)] INFO The user: rafael Join the channel: lobby-system
[Sat Feb 24 2018 23:37:27 GMT-0300 (BRT)] INFO The user: rafael Join the channel: lobby-messages
[Sat Feb 24 2018 23:37:27 GMT-0300 (BRT)] INFO The user: rafael Join the channel: lobby-system
[Sat Feb 24 2018 23:38:42 GMT-0300 (BRT)] INFO user: rafael Says: hjhjkhjhkjhk
[Sun Feb 25 2018 00:10:58 GMT-0300 (BRT)] INFO The user: rafael Join the channel: lobby-messages
[Sun Feb 25 2018 00:10:58 GMT-0300 (BRT)] INFO The user: rafael Join the channel: lobby-system
[Sun Feb 25 2018 00:10:59 GMT-0300 (BRT)] INFO The user: rafael Join the channel: lobby-messages
[Sun Feb 25 2018 00:10:59 GMT-0300 (BRT)] INFO The user: rafael Join the channel: lobby-system
[Sun Feb 25 2018 00:11:27 GMT-0300 (BRT)] INFO The user: rafael Join the channel: lobby-messages
[Sun Feb 25 2018 00:11:27 GMT-0300 (BRT)] INFO The user: rafael Join the channel: lobby-system
[Sun Feb 25 2018 00:11:29 GMT-0300 (BRT)] INFO The user: rafael Join the channel: lobby-messages
[Sun Feb 25 2018 00:11:29 GMT-0300 (BRT)] INFO The user: rafael Join the channel: lobby-system
