[Sun Feb 25 2018 09:34:57 GMT-0300 (BRT)] INFO Websocked listening on port: 3000
[Sun Feb 25 2018 09:35:42 GMT-0300 (BRT)] INFO The user: rafael Join the channel: lobby-messages
[Sun Feb 25 2018 09:35:42 GMT-0300 (BRT)] INFO The user: rafael Join the channel: lobby-system
[Sun Feb 25 2018 09:35:42 GMT-0300 (BRT)] INFO The user: rafael Join the channel: lobby-messages
[Sun Feb 25 2018 09:35:42 GMT-0300 (BRT)] INFO The user: rafael Join the channel: lobby-system
[Sun Feb 25 2018 09:38:19 GMT-0300 (BRT)] INFO The user: rafael Join the channel: lobby-messages
[Sun Feb 25 2018 09:38:19 GMT-0300 (BRT)] INFO The user: rafael Join the channel: lobby-system
[Sun Feb 25 2018 09:38:19 GMT-0300 (BRT)] INFO The user: rafael Join the channel: lobby-messages
[Sun Feb 25 2018 09:38:19 GMT-0300 (BRT)] INFO The user: rafael Join the channel: lobby-system
[Sun Feb 25 2018 09:39:36 GMT-0300 (BRT)] INFO The user: rafael Join the channel: lobby-messages
[Sun Feb 25 2018 09:39:36 GMT-0300 (BRT)] INFO The user: rafael Join the channel: lobby-system
[Sun Feb 25 2018 09:39:37 GMT-0300 (BRT)] INFO The user: rafael Join the channel: lobby-messages
[Sun Feb 25 2018 09:39:37 GMT-0300 (BRT)] INFO The user: rafael Join the channel: lobby-system
[Sun Feb 25 2018 09:45:35 GMT-0300 (BRT)] INFO The user: rafael Join the channel: lobby-messages
[Sun Feb 25 2018 09:45:35 GMT-0300 (BRT)] INFO The user: rafael Join the channel: lobby-system
[Sun Feb 25 2018 09:45:35 GMT-0300 (BRT)] INFO The user: rafael Join the channel: lobby-messages
[Sun Feb 25 2018 09:45:35 GMT-0300 (BRT)] INFO The user: rafael Join the channel: lobby-system
[Sun Feb 25 2018 09:48:42 GMT-0300 (BRT)] INFO The user: rafael Join the channel: lobby-messages
[Sun Feb 25 2018 09:48:42 GMT-0300 (BRT)] INFO The user: rafael Join the channel: lobby-system
[Sun Feb 25 2018 09:54:34 GMT-0300 (BRT)] INFO The user: rafael Join the channel: lobby-messages
[Sun Feb 25 2018 09:54:34 GMT-0300 (BRT)] INFO The user: rafael Join the channel: lobby-system
[Sun Feb 25 2018 09:54:37 GMT-0300 (BRT)] INFO The user: rafael Join the channel: lobby-messages
[Sun Feb 25 2018 09:54:37 GMT-0300 (BRT)] INFO The user: rafael Join the channel: lobby-system
[Sun Feb 25 2018 09:55:54 GMT-0300 (BRT)] INFO user: rafael Says: Mais um teste de chat
[Sun Feb 25 2018 09:56:26 GMT-0300 (BRT)] INFO user: rafael Says: Este balao deve ser azul
