[Sat Feb 24 2018 19:40:07 GMT-0300 (BRT)] INFO user: rafael Says: hjashkasdhaskdas
[Sat Feb 24 2018 19:42:09 GMT-0300 (BRT)] INFO user: rafael Says: Teste de chat
[Sat Feb 24 2018 19:53:47 GMT-0300 (BRT)] INFO user: rafael Says: hjshakdhsajd
[Sat Feb 24 2018 19:54:26 GMT-0300 (BRT)] INFO user: rafael Says: hsjkadhkasd
[Sat Feb 24 2018 19:55:01 GMT-0300 (BRT)] INFO user: rafael Says: sadgajsgdjhsad
[Sat Feb 24 2018 19:55:04 GMT-0300 (BRT)] INFO user: rafael Says: send 
[Sat Feb 24 2018 19:55:11 GMT-0300 (BRT)] INFO user: rafael Says: hjshdkajshdjksd
[Sat Feb 24 2018 19:55:36 GMT-0300 (BRT)] INFO user: rafael Says: Tests de chate
[Sat Feb 24 2018 19:55:38 GMT-0300 (BRT)] INFO user: rafael Says: askalhsd'lasd
[Sat Feb 24 2018 19:55:39 GMT-0300 (BRT)] INFO user: rafael Says: sadaposdjapsdjasdj
[Sat Feb 24 2018 19:55:40 GMT-0300 (BRT)] INFO user: rafael Says: asd
[Sat Feb 24 2018 19:56:43 GMT-0300 (BRT)] INFO user: rafael Says: aldka;sd
[Sat Feb 24 2018 19:56:43 GMT-0300 (BRT)] INFO user: rafael Says: asdlkd
[Sat Feb 24 2018 19:56:44 GMT-0300 (BRT)] INFO user: rafael Says: as
[Sat Feb 24 2018 19:56:48 GMT-0300 (BRT)] INFO user: rafael Says: akjkdlasjdl
[Sat Feb 24 2018 19:57:32 GMT-0300 (BRT)] INFO user: rafael Says: teste
[Sat Feb 24 2018 20:17:36 GMT-0300 (BRT)] INFO user: rafael Says: k;fksl;fksf
[Sat Feb 24 2018 20:21:57 GMT-0300 (BRT)] INFO user: rafael Says: carn^e
[Sat Feb 24 2018 20:22:00 GMT-0300 (BRT)] INFO user: rafael Says: sd;'sadasdas
[Sat Feb 24 2018 20:22:02 GMT-0300 (BRT)] INFO user: rafael Says: asdasdasdasdsad
[Sat Feb 24 2018 20:22:05 GMT-0300 (BRT)] INFO user: rafael Says: sadasdasd
[Sat Feb 24 2018 20:22:18 GMT-0300 (BRT)] INFO user: rafael Says: asdasdasdasdas
[Sat Feb 24 2018 20:22:27 GMT-0300 (BRT)] INFO user: rafael Says: asdasdasdasd
[Sat Feb 24 2018 20:28:36 GMT-0300 (BRT)] INFO user: rafael Says: Procedimento a qualidade
[Sat Feb 24 2018 20:31:39 GMT-0300 (BRT)] INFO user: rafael Says: meia hora
[Sat Feb 24 2018 20:54:48 GMT-0300 (BRT)] INFO user: rafael Says: s
[Sat Feb 24 2018 21:08:31 GMT-0300 (BRT)] INFO user: rafael Says: lkl;k;
[Sat Feb 24 2018 21:08:49 GMT-0300 (BRT)] INFO user: rafael Says: jkljk
[Sat Feb 24 2018 21:08:52 GMT-0300 (BRT)] INFO user: rafael Says: sdksal;kd;
