[Sun Feb 25 2018 14:27:59 GMT-0300 (BRT)] INFO user: rafael Says: sasakl;kaslkd;k
[Sun Feb 25 2018 14:28:03 GMT-0300 (BRT)] INFO user: rafael Says: salkdksd;ksldk;kdkd;kk;k;k;as
[Sun Feb 25 2018 14:28:05 GMT-0300 (BRT)] INFO user: rafael Says: akdlksa;dk;laskdskdsadkskd
[Sun Feb 25 2018 14:59:01 GMT-0300 (BRT)] INFO user: rafael Says: sddsaddasdsds
[Sun Feb 25 2018 15:14:18 GMT-0300 (BRT)] INFO user: rafael Says: asjdkasdhjhdkjsjdaskd
[Sun Feb 25 2018 15:16:24 GMT-0300 (BRT)] INFO user: rafael Says: asjdljasdjasdalsjd
[Sun Feb 25 2018 15:16:26 GMT-0300 (BRT)] INFO user: rafael Says: jdlkajskldjajdlasjdlkajsdasdj
[Sun Feb 25 2018 15:16:28 GMT-0300 (BRT)] INFO user: rafael Says: asdjlsjdjasljdlsjdljsaldjsdlsajdlaksjda
[Sun Feb 25 2018 15:16:30 GMT-0300 (BRT)] INFO user: rafael Says: adjasjdjskljdklsajkldjkalsjdsaljdl
[Sun Feb 25 2018 15:16:32 GMT-0300 (BRT)] INFO user: rafael Says: djalsjdljasldjslkjdlsjadljasd
[Sun Feb 25 2018 15:16:33 GMT-0300 (BRT)] INFO user: rafael Says: askjdasjldjasldlasjdl
[Sun Feb 25 2018 15:19:00 GMT-0300 (BRT)] INFO user: rafael Says: sadasd
[Sun Feb 25 2018 15:19:01 GMT-0300 (BRT)] INFO user: rafael Says: asdsad
[Sun Feb 25 2018 15:25:18 GMT-0300 (BRT)] INFO user: rafael Says: sddddddddddddddd
[Sun Feb 25 2018 15:25:24 GMT-0300 (BRT)] INFO user: rafael Says: sjdkasjdjalsjdkljsaldjlasjdljasldjljdljdsjaljdklsjdljaljdljaslkdjlajdlajldjasjdlajsldjalsdj
[Sun Feb 25 2018 15:31:02 GMT-0300 (BRT)] INFO user: rafael Says: dddjslajdlaskjdsalkdjalskdjlllsadjklsakjdsalkdjlksd
[Sun Feb 25 2018 15:31:24 GMT-0300 (BRT)] INFO user: rafael Says: sjdsalkjdlaskdjaslkdjlsakdjllskdlaskdjalskdjlkajsdlkjasdllklksjdllkajsdlkjlkjlskjdlkjsadllsljsdlklkdjlakljdllkjjjjsjdlasjldjlajsldjslajdsaldsdljasdjlsajldjsaljdlsad
[Sun Feb 25 2018 15:34:13 GMT-0300 (BRT)] INFO user: rafael Says: asdkdjsjdlsjdlajjljlsjladjljdljsldj
[Sun Feb 25 2018 15:53:27 GMT-0300 (BRT)] INFO user: rafael Says: asjasjdklasjld
[Sun Feb 25 2018 16:02:20 GMT-0300 (BRT)] INFO user: rafael Says: skdhajkhdjkhakjddk
[Sun Feb 25 2018 16:02:23 GMT-0300 (BRT)] INFO user: rafael Says: aklsjdlkasjdasjdlajsldjasdljad
[Sun Feb 25 2018 16:02:24 GMT-0300 (BRT)] INFO user: rafael Says: jaskldjaskjdkljsakldjklasjdl
